<?xml version="1.0" encoding="UTF-8"?>
<testng-results ignored="0" total="2" passed="2" failed="0" skipped="0">
  <reporter-output>
  </reporter-output>
  <suite started-at="2022-03-11T09:43:41Z" name="Suite" finished-at="2022-03-11T09:43:41Z" duration-ms="24">
    <groups>
    </groups>
    <test started-at="2022-03-11T09:43:41Z" name="Test" finished-at="2022-03-11T09:43:41Z" duration-ms="24">
      <class name="revision.thirdMaximumNumber">
        <test-method signature="m2()[pri:0, instance:revision.thirdMaximumNumber@4be29ed9]" started-at="2022-03-11T09:43:41Z" name="m2" finished-at="2022-03-11T09:43:41Z" duration-ms="7" status="PASS">
          <reporter-output>
          </reporter-output>
        </test-method> <!-- m2 -->
      </class> <!-- revision.thirdMaximumNumber -->
      <class name="revision.testNGDEMO">
        <test-method signature="m1()[pri:0, instance:revision.testNGDEMO@548d708a]" started-at="2022-03-11T09:43:41Z" name="m1" finished-at="2022-03-11T09:43:41Z" duration-ms="1" status="PASS">
          <reporter-output>
          </reporter-output>
        </test-method> <!-- m1 -->
      </class> <!-- revision.testNGDEMO -->
    </test> <!-- Test -->
  </suite> <!-- Suite -->
</testng-results>
