<?xml version="1.0" encoding="UTF-8"?>
<!-- Generated by org.testng.reporters.JUnitXMLReporter -->
<testsuite ignored="3" hostname="LAPTOP-AHQOS39F" failures="0" tests="2" name="Test" time="0.023" errors="0" timestamp="12 Mar 2022 10:57:45 GMT">
  <testcase classname="infosys.TestCi2" name="a" time="0.006"/>
  <testcase classname="infosys.testCl" name="abc" time="0.001"/>
  <testcase classname="infosys.testCl" name="test2" time="0.0">
    <ignored/>
  </testcase> <!-- test2 -->
  <testcase classname="infosys.TestCi2" name="b" time="0.0">
    <ignored/>
  </testcase> <!-- b -->
  <testcase classname="infosys.testCl" name="test1" time="0.0">
    <ignored/>
  </testcase> <!-- test1 -->
</testsuite> <!-- Test -->
