<?xml version="1.0" encoding="UTF-8"?>
<!-- Generated by org.testng.reporters.JUnitXMLReporter -->
<testsuite ignored="21" hostname="LAPTOP-AHQOS39F" failures="0" tests="7" name="Test" time="0.039" errors="0" timestamp="11 Mar 2022 09:18:37 GMT">
  <testcase classname="bye.testngpractice1" name="tc2" time="0.009"/>
  <testcase classname="bye.testngpractice1" name="tc3" time="0.001"/>
  <testcase classname="bye.testngpractice1" name="tc4" time="0.001"/>
  <testcase classname="bye.TestNGDemo2RS" name="method4" time="0.003"/>
  <testcase classname="bye.TestNGDemo2RS" name="method7" time="0.001"/>
  <testcase classname="bye.TestNGDemo2RS" name="method8" time="0.0"/>
  <testcase classname="bye.TestNGDemo2RS" name="method9" time="0.001"/>
  <testcase classname="bye.TestNGDemo2RS" name="Home" time="0.0">
    <ignored/>
  </testcase> <!-- Home -->
  <testcase classname="bye.TestNGDemo1RS" name="applicationLaunch" time="0.0">
    <ignored/>
  </testcase> <!-- applicationLaunch -->
  <testcase classname="bye.TestNGDemoRS" name="method1" time="0.0">
    <ignored/>
  </testcase> <!-- method1 -->
  <testcase classname="bye.TestNGDemoRS" name="method6" time="0.0">
    <ignored/>
  </testcase> <!-- method6 -->
  <testcase classname="bye.TestNGDemo2RS" name="method3" time="0.0">
    <ignored/>
  </testcase> <!-- method3 -->
  <testcase classname="bye.testngpractice1" name="tc7" time="0.0">
    <ignored/>
  </testcase> <!-- tc7 -->
  <testcase classname="bye.TestNGDemo3" name="method1" time="0.0">
    <ignored/>
  </testcase> <!-- method1 -->
  <testcase classname="bye.TestNGDemoRS" name="method3" time="0.0">
    <ignored/>
  </testcase> <!-- method3 -->
  <testcase classname="bye.testngpractice1" name="tc8" time="0.0">
    <ignored/>
  </testcase> <!-- tc8 -->
  <testcase classname="bye.TestNGDemoRS" name="method2" time="0.0">
    <ignored/>
  </testcase> <!-- method2 -->
  <testcase classname="bye.TestNGDemoRS" name="method5" time="0.0">
    <ignored/>
  </testcase> <!-- method5 -->
  <testcase classname="bye.TestNGDemoRS" name="method4" time="0.0">
    <ignored/>
  </testcase> <!-- method4 -->
  <testcase classname="bye.TestNGDemo3" name="launch" time="0.0">
    <ignored/>
  </testcase> <!-- launch -->
  <testcase classname="bye.testngpractice1" name="tc5" time="0.0">
    <ignored/>
  </testcase> <!-- tc5 -->
  <testcase classname="bye.TestNGDemo2RS" name="method6" time="0.0">
    <ignored/>
  </testcase> <!-- method6 -->
  <testcase classname="bye.TentNGDemo4" name="DemoTest2" time="0.0">
    <ignored/>
  </testcase> <!-- DemoTest2 -->
  <testcase classname="bye.TentNGDemo4" name="DemoTest1" time="0.0">
    <ignored/>
  </testcase> <!-- DemoTest1 -->
  <testcase classname="bye.testngpractice1" name="tc6" time="0.0">
    <ignored/>
  </testcase> <!-- tc6 -->
  <testcase classname="bye.TestNGDemo2RS" name="method5" time="0.0">
    <ignored/>
  </testcase> <!-- method5 -->
  <testcase classname="bye.testngpractice1" name="tc1" time="0.0">
    <ignored/>
  </testcase> <!-- tc1 -->
  <testcase classname="bye.TestNGDemo2RS" name="method1" time="0.0">
    <ignored/>
  </testcase> <!-- method1 -->
</testsuite> <!-- Test -->
